Sjasm Z80 Assembler v0.42c - www.xl2s.tk             [2020.08.06 - 07:16:18]

src/screen1/1sc5.asm
Errors: 0

       1   00:0000                              output "1sc5.bin"
       2   00:8500                      
       3   00:8500  FE                      db   #fe               ; ID archivo binario, siempre hay que poner el mismo 0FEh
       4   00:8501  00 85                   dw   INICIO            ; dirección de inicio
       5   00:8503  D0 DA                   dw   FINAL - 1         ; dirección final
       6   00:8505  00 85                   dw   INICIO            ; dircción del programa de ejecución (para cuando pongas r en bload"nombre_programa", r)
       7   00:8507                      
       8   00:8507                          org #8500   ; org se utiliza para decirle al z80 en que posición de memoria empieza nuestro programa (es la 33280 en decimal), en hezadecimal sería #8200
       9   00:8500                      
      10   00:8500  (00:005F)           CHGMOD equ #005F   ; Cambia el modo de screen pero previamente necesita que se le asigne el modo en el registro a
      11   00:8500  (00:0098)           VDP_DATA 	equ 	#98
      12   00:8500                      
      13   00:8500                      INICIO:
      14   00:8500                      	
      15   00:8500  3E 05                   ld  a,5    ; La rutina CHGMOD nos obliga a poner en el registro a el modo de pantalla que queremos 
      16   00:8502  CD 5F 00                call CHGMOD ; Mira arriba, pone la explicación, pone screen 2 y sprite de 16 sin apliar
      17   00:8505                      
      18   00:8505                          ;establecemos la paleta
      19   00:8505  21 B1 DA                ld		hl,palette
      20   00:8508  CD 1B 85                call	SetPalette
      21   00:850B                      
      22   00:850B  AF                  	xor		a
      23   00:850C  21 00 00            	ld		hl,#0000			;AHL establecido
      24   00:850F  CD 2A 85            	call	SetVdp_Write
      25   00:8512                      
      26   00:8512                      			
      27   00:8512                      	;mandamos los datos
      28   00:8512  21 51 85            	ld		hl,dibujo					;el bitmap empieza aquí
      29   00:8515  11 60 55            	ld		de,palette-dibujo			;esto es sólo el tamaño del bitmpa (número de bytes)
      30   00:8518  CD 44 85                call	myldirvm
      31   00:851B                      
      32   00:851B                      SetPalette:
      33   00:851B  AF                      xor a           ; set p#pointer to zero.
      34   00:851C  F3                      di
      35   00:851D  D3 99                   out (#99),a
      36   00:851F  3E 90                   ld a,16+128
      37   00:8521  FB                      ei
      38   00:8522  D3 99                   out (#99),a
      39   00:8524  01 9A 20                ld bc,#209A     ; out 32x to port #9A
      40   00:8527  ED B3                   otir
      41   00:8529  C9                      ret
      42   00:852A                      SetVdp_Write: 
      43   00:852A  CB 04                   rlc     h
      44   00:852C  17                      rla
      45   00:852D  CB 04                   rlc     h
      46   00:852F  17                      rla
      47   00:8530  CB 3C                   srl     h
      48   00:8532  CB 3C                   srl     h
      49   00:8534  D3 99                   out     (#99),a       ;pone bits 15-17
      50   00:8536  3E 8E                   ld      a,14+128
      51   00:8538  D3 99                   out     (#99),a
      52   00:853A  7D                      ld      a,l           ;pone bits 0-7
      53   00:853B  00                      nop
      54   00:853C  D3 99                   out     (#99),a
      55   00:853E  7C                      ld      a,h           ;pone bits 8-14
      56   00:853F  F6 40                   or      64            ; + para escritura
      57   00:8541  D3 99                   out     (#99),a       
      58   00:8543  C9                      ret
      59   00:8544                      myldirvm:
      60   00:8544  0E 98                   ld      c,VDP_DATA
      61   00:8546                      .myldirvm_lp:
      62   00:8546  7E                      ld		a,(hl)
      63   00:8547  ED 79                   out		(c),a
      64   00:8549  23                      inc		hl
      65   00:854A  1B                      dec		de
      66   00:854B  7A                      ld		a,d
      67   00:854C  B3                      or		e
      68   00:854D  C2 46 85                jp		nz,.myldirvm_lp
      69   00:8550                      
      70   00:8550  C9                      ret	
      71   00:8551                      
      72   00:8551                      ;Para conseguir este dibujo hemos utilizado 3 herramietas:
      73   00:8551                      ; gimp para transformarla en 256px x 212px 16 colores,
      74   00:8551                      ; bmptraw para extraer los datos del bmp, ordenarlos y quitarle la cabecera, develve un fichero raw y la paleta
      75   00:8551                      ; HxD para dejar solo 22000 bytes o 55F0 ya que basic no nos deja más espacio 
      76   00:8551                      dibujo:
      77   00:8551  (5560)                 incbin  "./src/screen1/1.raw"
      78   00:DAB1                      palette:
      79   00:DAB1  (0020)              	incbin	"./src/screen1/1.pal"
      80   00:DAD1                      	
      81   00:DAD1                      
      82   00:DAD1                      
      83   00:DAD1                      FINAL:
      84   00:DAD1                      
      85   00:DAD1                      
      86   00:DAD1                      
      87   00:DAD1                      
      88   00:DAD1                      
      89   00:DAD1                      
      90   00:DAD1                      
      91   00:DAD1                      
      92   00:DAD1                      
      93   00:DAD1                      
      94   00:DAD1                      

    LABELS
-------------------------------------------------
00:0000005F   CHGMOD
00:00000098   VDP_DATA
00:00008500   INICIO
00:0000851B   SetPalette
00:0000852A   SetVdp_Write
00:00008544   myldirvm
00:00008546   myldirvm.myldirvm_lp
00:00008551   dibujo
00:0000DAB1   palette
00:0000DAD1   FINAL


 Output: src/screen1/1sc5.out
-------------------------------------------------

 Page: 00
  Org: 00008500  Size: *  Used: 00000000

    No output

 Output: 1sc5.bin
-------------------------------------------------

 Page: 00
  Org: 00008500  Size: *  Used: 000055D8

   Address   Length Align   Label
   00008500   21976         INICIO
